<?xml version="1.0" encoding="UTF-8"?>
<!-- Generated by org.testng.reporters.JUnitXMLReporter -->
<testsuite ignored="0" hostname="Namitas-MacBook-Pro.local" failures="1" tests="1" name="Test" time="40.714" errors="0" timestamp="2023-01-09T09:36:52 GMT">
  <testcase classname="TestNGImplemenattion.CreateOrganisationTest" name="createorganisationtest" time="22.241">
    <failure type="java.lang.AssertionError" message="The following asserts failed:
	expected [true] but found [false],
	expected [true] but found [false]">
      <![CDATA[java.lang.AssertionError: The following asserts failed:
expected [true] but found [false],
expected [true] but found [false]
at TestNGImplemenattion.CreateOrganisationTest.createorganisationtest(CreateOrganisationTest.java:43)
at java.base/java.util.ArrayList.forEach(ArrayList.java:1511)
... Removed 29 stack frames]]>
    </failure>
  </testcase> <!-- createorganisationtest -->
</testsuite> <!-- Test -->
